<?xml version="1.0" encoding="UTF-8"?>
<!-- Generated by org.testng.reporters.JUnitReportReporter -->
<testsuite hostname="DESKTOP-N5Q8SR4" failures="0" tests="1" name="com.reminder.Login.testcases.TC_03_Sign_Up" time="179.662" errors="0" timestamp="2021-03-07T13:30:45 IST" skipped="0">
  <testcase classname="com.reminder.Login.testcases.TC_03_Sign_Up" name="signUp" time="179.662"/>
  <system-out/>
</testsuite> <!-- com.reminder.Login.testcases.TC_03_Sign_Up -->
