<?xml version="1.0" encoding="UTF-8"?>
<!-- Generated by org.testng.reporters.JUnitReportReporter -->
<testsuite hostname="DESKTOP-N5Q8SR4" failures="0" tests="1" name="com.reminder.Login.testcases.TC_02_Login_With_Valid_Credentials" time="24.514" errors="0" timestamp="2021-02-25T10:39:24 IST" skipped="0">
  <testcase classname="com.reminder.Login.testcases.TC_02_Login_With_Valid_Credentials" name="loginWithValidCredentials" time="24.514"/>
  <system-out/>
</testsuite> <!-- com.reminder.Login.testcases.TC_02_Login_With_Valid_Credentials -->
