<?xml version="1.0" encoding="UTF-8"?>
<!-- Generated by org.testng.reporters.JUnitReportReporter -->
<testsuite hostname="DESKTOP-N5Q8SR4" failures="0" tests="1" name="com.reminder.Login.testcases.TC_05_Logout" time="35.353" errors="0" timestamp="2021-03-08T11:10:02 IST" skipped="0">
  <testcase classname="com.reminder.Login.testcases.TC_05_Logout" name="loginWithValidCredentials" time="35.353"/>
  <system-out/>
</testsuite> <!-- com.reminder.Login.testcases.TC_05_Logout -->
