<?xml version="1.0" encoding="UTF-8"?>
<!-- Generated by org.testng.reporters.JUnitReportReporter -->
<testsuite hostname="DESKTOP-N5Q8SR4" failures="0" tests="1" name="com.reminder.Login.testcases.TC_01_Create_Reminder" time="158.987" errors="0" timestamp="2021-03-07T12:43:20 IST" skipped="0">
  <testcase classname="com.reminder.Login.testcases.TC_01_Create_Reminder" name="createReminder" time="158.987"/>
  <system-out/>
</testsuite> <!-- com.reminder.Login.testcases.TC_01_Create_Reminder -->
