<?xml version="1.0" encoding="UTF-8"?>
<!-- Generated by org.testng.reporters.JUnitReportReporter -->
<testsuite hostname="DESKTOP-N5Q8SR4" failures="0" tests="1" name="com.reminder.Login.testcases.TC_11_Forgot_Password" time="14.997" errors="0" timestamp="2021-03-08T12:47:44 IST" skipped="0">
  <testcase classname="com.reminder.Login.testcases.TC_11_Forgot_Password" name="ForgotPassword" time="14.997"/>
  <system-out/>
</testsuite> <!-- com.reminder.Login.testcases.TC_11_Forgot_Password -->
