<?xml version="1.0" encoding="UTF-8"?>
<!-- Generated by org.testng.reporters.JUnitReportReporter -->
<testsuite hostname="DESKTOP-N5Q8SR4" failures="0" tests="1" name="com.reminder.Login.testcases.TC_04_Change_Password" time="265.414" errors="0" timestamp="2021-03-08T10:54:15 IST" skipped="0">
  <testcase classname="com.reminder.Login.testcases.TC_04_Change_Password" name="changePassword" time="265.414"/>
  <system-out/>
</testsuite> <!-- com.reminder.Login.testcases.TC_04_Change_Password -->
