<?xml version="1.0" encoding="UTF-8"?>
<!-- Generated by org.testng.reporters.JUnitReportReporter -->
<testsuite hostname="DESKTOP-N5Q8SR4" failures="0" tests="1" name="com.reminder.Login.testcases.TC_07_Edit_Reminder" time="184.691" errors="0" timestamp="2021-03-05T11:58:38 IST" skipped="0">
  <testcase classname="com.reminder.Login.testcases.TC_07_Edit_Reminder" name="editReminder" time="184.691"/>
  <system-out/>
</testsuite> <!-- com.reminder.Login.testcases.TC_07_Edit_Reminder -->
