<?xml version="1.0" encoding="UTF-8"?>
<!-- Generated by org.testng.reporters.JUnitReportReporter -->
<testsuite hostname="DESKTOP-165ABPJ" name="com.reminder.Login.testcases.TC_02_Create_Reminder2" tests="1" failures="0" timestamp="17 Feb 2021 07:57:49 GMT" time="6.670" errors="0">
  <testcase name="createContact" time="6.670" classname="com.reminder.Login.testcases.TC_02_Create_Reminder2"/>
</testsuite> <!-- com.reminder.Login.testcases.TC_02_Create_Reminder2 -->
