<?xml version="1.0" encoding="UTF-8"?>
<!-- Generated by org.testng.reporters.JUnitReportReporter -->
<testsuite hostname="DESKTOP-N5Q8SR4" failures="0" tests="1" name="com.reminder.Login.testcases.TC_06_Delete_Reminder" time="125.482" errors="0" timestamp="2021-03-05T18:23:10 IST" skipped="0">
  <testcase classname="com.reminder.Login.testcases.TC_06_Delete_Reminder" name="deleteReminder" time="125.482"/>
  <system-out/>
</testsuite> <!-- com.reminder.Login.testcases.TC_06_Delete_Reminder -->
