<?xml version="1.0" encoding="UTF-8"?>
<!-- Generated by org.testng.reporters.JUnitReportReporter -->
<testsuite hostname="DESKTOP-N5Q8SR4" failures="0" tests="1" name="com.reminder.Login.testcases.test" time="25.699" errors="0" timestamp="2021-03-04T11:04:19 IST" skipped="0">
  <testcase classname="com.reminder.Login.testcases.test" name="createReminder" time="25.699"/>
  <system-out/>
</testsuite> <!-- com.reminder.Login.testcases.test -->
